<?xml version="1.0" encoding="UTF-8"?>
<!-- Generated by org.testng.reporters.JUnitReportReporter -->
<testsuite hostname="SRI" failures="0" tests="3" name="TestNG.DataProviders" time="26.069" errors="0" timestamp="2023-10-06T19:25:34 IST" skipped="0">
  <testcase classname="TestNG.DataProviders" name="demo" time="8.776"/>
  <testcase classname="TestNG.DataProviders" name="demo" time="9.582"/>
  <testcase classname="TestNG.DataProviders" name="demo" time="7.711"/>
</testsuite> <!-- TestNG.DataProviders -->
