<?xml version="1.0" encoding="UTF-8"?>
<!-- Generated by org.testng.reporters.JUnitReportReporter -->
<testsuite hostname="SRI" failures="0" tests="1" name="TestNG_FailingPurpose.facebook" time="11.202" errors="0" timestamp="2023-10-06T19:03:00 IST" skipped="0">
  <testcase classname="TestNG_FailingPurpose.facebook" name="fb" time="11.202"/>
</testsuite> <!-- TestNG_FailingPurpose.facebook -->
