<?xml version="1.0" encoding="UTF-8"?>
<!-- Generated by org.testng.reporters.JUnitReportReporter -->
<testsuite hostname="SRI" failures="0" tests="1" name="TestNG_Parallel.facebook_Distributed" time="7.443" errors="0" timestamp="2023-10-05T16:43:59 IST" skipped="0">
  <testcase classname="TestNG_Parallel.facebook_Distributed" name="fb" time="7.443"/>
</testsuite> <!-- TestNG_Parallel.facebook_Distributed -->
