<?xml version="1.0" encoding="UTF-8"?>
<!-- Generated by org.testng.reporters.JUnitReportReporter -->
<testsuite hostname="SRI" failures="0" tests="1" name="TestNG_Sequential.Amazon" time="17.928" errors="0" timestamp="2023-10-04T20:00:07 IST" skipped="0">
  <testcase classname="TestNG_Sequential.Amazon" name="amz" time="17.928"/>
</testsuite> <!-- TestNG_Sequential.Amazon -->
