<?xml version="1.0" encoding="UTF-8"?>
<!-- Generated by org.testng.reporters.JUnitReportReporter -->
<testsuite hostname="SRI" failures="0" tests="2" name="TestNG.Assertions" time="11.688" errors="0" timestamp="2023-10-05T18:11:05 IST" skipped="0">
  <testcase classname="TestNG.Assertions" name="FB" time="8.479"/>
  <testcase classname="TestNG.Assertions" name="closing" time="3.209"/>
</testsuite> <!-- TestNG.Assertions -->
