<?xml version="1.0" encoding="UTF-8"?>
<!-- Generated by org.testng.reporters.JUnitReportReporter -->
<testsuite hostname="SRI" failures="0" tests="2" name="TestNG_Parallel.Compatability" time="13.440" errors="0" timestamp="2023-10-05T17:22:06 IST" skipped="0">
  <testcase classname="TestNG_Parallel.Compatability" name="fb" time="4.219"/>
  <testcase classname="TestNG_Parallel.Compatability" name="fb" time="9.221"/>
</testsuite> <!-- TestNG_Parallel.Compatability -->
