<?xml version="1.0" encoding="UTF-8"?>
<!-- Generated by org.testng.reporters.JUnitReportReporter -->
<testsuite hostname="SRI" failures="0" tests="3" name="TestNG_Annotations.amazon_facebook_snapdeal" time="49.253" errors="0" timestamp="2023-10-06T18:44:06 IST" skipped="0">
  <testcase classname="TestNG_Annotations.amazon_facebook_snapdeal" name="fb" time="12.308"/>
  <testcase classname="TestNG_Annotations.amazon_facebook_snapdeal" name="amz" time="24.971"/>
  <testcase classname="TestNG_Annotations.amazon_facebook_snapdeal" name="snapdeal" time="11.974"/>
</testsuite> <!-- TestNG_Annotations.amazon_facebook_snapdeal -->
