<?xml version="1.0" encoding="UTF-8"?>
<!-- Generated by org.testng.reporters.JUnitReportReporter -->
<testsuite hostname="SRI" failures="0" tests="4" name="TestNG.Priority_Invocation_Enabled" time="0.037" errors="0" timestamp="2023-10-04T19:28:37 IST" skipped="1">
  <testcase classname="TestNG.Priority_Invocation_Enabled" name="demo1" time="0.002"/>
  <testcase classname="TestNG.Priority_Invocation_Enabled" name="demo1" time="0.033"/>
  <testcase classname="TestNG.Priority_Invocation_Enabled" name="demo3" time="0.002"/>
  <testcase classname="TestNG.Priority_Invocation_Enabled" name="demo2">
    <skipped/>
  </testcase> <!-- demo2 -->
</testsuite> <!-- TestNG.Priority_Invocation_Enabled -->
