<?xml version="1.0" encoding="UTF-8"?>
<!-- Generated by org.testng.reporters.JUnitReportReporter -->
<testsuite hostname="SRI" failures="0" tests="1" name="TestNG_Group.sample1" time="0.008" errors="0" timestamp="2023-10-05T17:37:52 IST" skipped="0">
  <testcase classname="TestNG_Group.sample1" name="demo2" time="0.008"/>
</testsuite> <!-- TestNG_Group.sample1 -->
