<?xml version="1.0" encoding="UTF-8"?>
<!-- Generated by org.testng.reporters.JUnitReportReporter -->
<testsuite hostname="SRI" failures="0" tests="1" name="TestNG_FailingPurpose.amazon" time="11.499" errors="0" timestamp="2023-10-06T18:56:47 IST" skipped="0">
  <testcase classname="TestNG_FailingPurpose.amazon" name="amz" time="11.499"/>
</testsuite> <!-- TestNG_FailingPurpose.amazon -->
