<?xml version="1.0" encoding="UTF-8"?>
<!-- Generated by org.testng.reporters.JUnitReportReporter -->
<testsuite hostname="SRI" failures="0" tests="1" name="TestNG_FailingPurpose.snapdeal" time="8.633" errors="0" timestamp="2023-10-06T18:56:47 IST" skipped="0">
  <testcase classname="TestNG_FailingPurpose.snapdeal" name="snap" time="8.633"/>
</testsuite> <!-- TestNG_FailingPurpose.snapdeal -->
